<?xml version="1.0" encoding="UTF-8"?>
<testsuite xmlns:xsi="http://www.w3.org/2001/XMLSchema-instance" xsi:noNamespaceSchemaLocation="https://maven.apache.org/surefire/maven-surefire-plugin/xsd/surefire-test-report.xsd" name="TestSuite" time="0.668" tests="16" errors="0" skipped="0" failures="5">
  <properties>
[...]
</properties>
  <testcase name="testRetrieveDataFromDataSet on testRetrieveDataFromDataSet(com.automation.conditionsCollectionsJunit)" classname="com.automation.conditionsCollectionsJunit" time="0.03">
    <failure message="Conversion = &apos;i&apos;" type="java.util.UnknownFormatConversionException">java.util.UnknownFormatConversionException: Conversion = 'i'
	at com.automation.conditionsCollectionsJunit.testRetrieveDataFromDataSet(conditionsCollectionsJunit.java:47)
</failure>
    <system-out><![CDATA[Usage: <main class> [options] The XML suite files to run
  Options:
    -alwaysrunlisteners
      Should MethodInvocation Listeners be run even for skipped methods
      Default: true
    -configfailurepolicy
      Configuration failure policy (skip or continue)
    -d
      Output directory
    -dataproviderthreadcount
      Number of threads to use when running data providers
    -dependencyinjectorfactory
      The dependency injector factory implementation that TestNG should use.
    -excludegroups
      Comma-separated list of group names to  exclude
    -failwheneverythingskipped
      Should TestNG fail execution if all tests were skipped and nothing was 
      run. 
      Default: false
    -groups
      Comma-separated list of group names to be run
    -junit
      JUnit mode
      Default: false
    -listener
      List of .class files or list of class names implementing ITestListener 
      or ISuiteListener
    -methods
      Comma separated of test methods
      Default: []
    -methodselectors
      List of .class files or list of class names implementing IMethodSelector
    -mixed
      Mixed mode - autodetect the type of current test and run it with 
      appropriate runner
      Default: false
    -objectfactory
      List of .class files or list of class names implementing 
      ITestRunnerFactory 
    -parallel
      Parallel mode (methods, tests or classes)
      Possible Values: [tests, methods, classes, instances, none, true, false]
    -port
      The port
    -reporter
      Extended configuration for custom report listener
    -spilistenerstoskip
      Comma separated fully qualified class names of listeners that should be 
      skipped from being wired in via Service Loaders.
      Default: <empty string>
    -suitename
      Default name of test suite, if not specified in suite definition file or 
      source code
    -suitethreadpoolsize
      Size of the thread pool to use to run suites
      Default: 1
    -testclass
      The list of test classes
    -testjar
      A jar file containing the tests
    -testname
      Default name of test, if not specified in suitedefinition file or source 
      code 
    -testnames
      The list of test names to run
    -testrunfactory, -testRunFactory
      The factory used to create tests
    -threadcount
      Number of threads to use when running tests in parallel
    -threadpoolfactoryclass
      The threadpool executor factory implementation that TestNG should use.
    -usedefaultlisteners
      Whether to use the default listeners
      Default: true
    -log, -verbose
      Level of verbosity
    -xmlpathinjar
      The full path to the xml file inside the jar file (only valid if 
      -testjar was specified)
      Default: testng.xml

start_testing 9268@KGZWhite
]]></system-out>
    <system-err><![CDATA[[TestNG] [ERROR] No test suite found. Nothing to run
]]></system-err>
  </testcase>
  <testcase name="checkMap on checkMap(com.automation.conditionsCollectionsJunit)" classname="com.automation.conditionsCollectionsJunit" time="0.002"/>
  <testcase name="checkIfNumberIsNotPrime_01 on checkIfNumberIsNotPrime_01(com.automation.conditionsJunit)" classname="com.automation.conditionsJunit" time="0.001"/>
  <testcase name="checkIfNumberIsNotPrime_02 on checkIfNumberIsNotPrime_02(com.automation.conditionsJunit)" classname="com.automation.conditionsJunit" time="0.001">
    <failure message="This is not a prime" type="java.lang.AssertionError">java.lang.AssertionError: This is not a prime
	at com.automation.conditionsJunit.checkIfNumberIsNotPrime_02(conditionsJunit.java:68)
</failure>
    <system-out><![CDATA[start_testing 9268@KGZWhite
]]></system-out>
  </testcase>
  <testcase name="checkIfNumberIsPrime_01 on checkIfNumberIsPrime_01(com.automation.conditionsJunit)" classname="com.automation.conditionsJunit" time="0.002"/>
  <testcase name="checkIfNumberIsPrime_02 on checkIfNumberIsPrime_02(com.automation.conditionsJunit)" classname="com.automation.conditionsJunit" time="0.002">
    <failure message="This is not a prime" type="java.lang.AssertionError">java.lang.AssertionError: This is not a prime
	at com.automation.conditionsJunit.checkIfNumberIsPrime_02(conditionsJunit.java:58)
</failure>
    <system-out><![CDATA[start_testing 9268@KGZWhite
]]></system-out>
  </testcase>
  <testcase name="conCatStrings on conCatStrings(com.automation.conditionsJunit)" classname="com.automation.conditionsJunit" time="0.02"/>
  <testcase name="checkNumberClass_01 on checkNumberClass_01(com.automation.conditionsJunit)" classname="com.automation.conditionsJunit" time="0.002"/>
  <testcase name="testIsSubString_01 on testIsSubString_01(com.automation.conditionsJunit)" classname="com.automation.conditionsJunit" time="0.001"/>
  <testcase name="testMychar on testMychar(com.automation.conditionsJunit)" classname="com.automation.conditionsJunit" time="0.002"/>
  <testcase name="practicing_test_01 on practicing_test_01(com.automation.dataTypeJunit)" classname="com.automation.dataTypeJunit" time="0.001">
    <failure type="java.lang.AssertionError">java.lang.AssertionError
	at com.automation.dataTypeJunit.practicing_test_01(dataTypeJunit.java:22)
</failure>
    <system-out><![CDATA[end_testing
start_testing
Practice test 1
]]></system-out>
  </testcase>
  <testcase name="practicing_test_02 on practicing_test_02(com.automation.dataTypeJunit)" classname="com.automation.dataTypeJunit" time="0.001"/>
  <testcase name="checkIfNumberIsNotPrime_01 on checkIfNumberIsNotPrime_01(com.automation.loopsJunit)" classname="com.automation.loopsJunit" time="0.001"/>
  <testcase name="checkIfNumberIsNotPrime_02 on checkIfNumberIsNotPrime_02(com.automation.loopsJunit)" classname="com.automation.loopsJunit" time="0.001">
    <failure message="This is a prime" type="java.lang.AssertionError">java.lang.AssertionError: This is a prime
	at com.automation.loopsJunit.checkIfNumberIsNotPrime_02(loopsJunit.java:42)
</failure>
    <system-out><![CDATA[start_testing 9268@KGZWhite
]]></system-out>
  </testcase>
  <testcase name="checkIfNumberIsPrime_01 on checkIfNumberIsPrime_01(com.automation.loopsJunit)" classname="com.automation.loopsJunit" time="0.001"/>
  <testcase name="checkIfCastInterfaceWork on checkIfCastInterfaceWork(com.automation.loopsJunit)" classname="com.automation.loopsJunit" time="0.001"/>
</testsuite>